<?xml version="1.0" encoding="UTF-8"?>
<!-- Generated by org.testng.reporters.JUnitReportReporter -->
<testsuite hostname="DESKTOP-ESJ6L3O" name="com.POM.NewToursHomePageTesting" tests="1" failures="0" timestamp="1 Feb 2018 02:33:31 GMT" time="19.860" errors="0">
  <testcase name="HomePageTesting" time="19.860" classname="com.POM.NewToursHomePageTesting"/>
</testsuite> <!-- com.POM.NewToursHomePageTesting -->
