<?xml version="1.0" encoding="UTF-8"?>
<!-- Generated by org.testng.reporters.JUnitReportReporter -->
<testsuite hostname="DESKTOP-ESJ6L3O" name="com.DataDriven.NewUserRegistration_ExcelMultipleTestData" tests="3" failures="0" timestamp="17 Feb 2018 03:48:00 GMT" time="16.635" errors="0">
  <testcase name="Register" time="1.155" classname="com.DataDriven.NewUserRegistration_ExcelMultipleTestData"/>
  <testcase name="SignOff" time="0.487" classname="com.DataDriven.NewUserRegistration_ExcelMultipleTestData"/>
  <testcase name="UserRegistration_ContactInfo" time="14.993" classname="com.DataDriven.NewUserRegistration_ExcelMultipleTestData"/>
</testsuite> <!-- com.DataDriven.NewUserRegistration_ExcelMultipleTestData -->
