<?xml version="1.0" encoding="UTF-8"?>
<!-- Generated by org.testng.reporters.JUnitReportReporter -->
<testsuite hostname="DESKTOP-ESJ6L3O" name="com.KeyWord.HybridDDKey_NewUserRegistrationScript" tests="1" failures="0" timestamp="30 Jan 2018 03:35:25 GMT" time="2.941" errors="0">
  <testcase name="NewUserLoginfunctionality" time="2.941" classname="com.KeyWord.HybridDDKey_NewUserRegistrationScript"/>
</testsuite> <!-- com.KeyWord.HybridDDKey_NewUserRegistrationScript -->
