<?xml version="1.0" encoding="UTF-8"?>
<!-- Generated by org.testng.reporters.JUnitReportReporter -->
<testsuite hostname="DESKTOP-ESJ6L3O" name="com.KeyWord.HybridDDKey_NewUserRegistrationFireFox" tests="5" failures="0" timestamp="1 Feb 2018 03:43:23 GMT" time="43.268" errors="0">
  <testcase name="Home" time="0.323" classname="com.KeyWord.HybridDDKey_NewUserRegistrationFireFox"/>
  <testcase name="NRRegistrationInfo" time="39.109" classname="com.KeyWord.HybridDDKey_NewUserRegistrationFireFox"/>
  <testcase name="NURegistration" time="0.362" classname="com.KeyWord.HybridDDKey_NewUserRegistrationFireFox"/>
  <testcase name="NewtoursDemoLogin" time="2.912" classname="com.KeyWord.HybridDDKey_NewUserRegistrationFireFox"/>
  <testcase name="SignOff" time="0.562" classname="com.KeyWord.HybridDDKey_NewUserRegistrationFireFox"/>
</testsuite> <!-- com.KeyWord.HybridDDKey_NewUserRegistrationFireFox -->
