<?xml version="1.0" encoding="UTF-8"?>
<!-- Generated by org.testng.reporters.JUnitReportReporter -->
<testsuite hostname="DESKTOP-ESJ6L3O" name="com.TestNGAnnotations.Annotations3" tests="2" failures="0" timestamp="22 Jan 2018 03:32:43 GMT" time="0.017" errors="0">
  <testcase name="Compose" time="0.008" classname="com.TestNGAnnotations.Annotations3"/>
  <testcase name="InBox" time="0.009" classname="com.TestNGAnnotations.Annotations3"/>
</testsuite> <!-- com.TestNGAnnotations.Annotations3 -->
