<?xml version="1.0" encoding="UTF-8"?>
<!-- Generated by org.testng.reporters.JUnitReportReporter -->
<testsuite hostname="DESKTOP-ESJ6L3O" name="com.TestNGAnnotations.Annotations2" tests="3" failures="0" timestamp="22 Jan 2018 03:38:40 GMT" time="0.011" errors="0">
  <testcase name="SentMail" time="0.003" classname="com.TestNGAnnotations.Annotations2"/>
  <testcase name="Compose" time="0.002" classname="com.TestNGAnnotations.Annotations2"/>
  <testcase name="InBox" time="0.006" classname="com.TestNGAnnotations.Annotations2"/>
</testsuite> <!-- com.TestNGAnnotations.Annotations2 -->
