<?xml version="1.0" encoding="UTF-8"?>
<!-- Generated by org.testng.reporters.JUnitReportReporter -->
<testsuite hostname="DESKTOP-ESJ6L3O" name="com.DataDriven.NewUserRegistration" tests="3" failures="0" timestamp="25 Jan 2018 02:29:05 GMT" time="11.489" errors="0">
  <testcase name="SignOff" time="0.233" classname="com.DataDriven.NewUserRegistration"/>
  <testcase name="Register" time="6.122" classname="com.DataDriven.NewUserRegistration"/>
  <testcase name="UserRegistration_ContactInfo" time="5.134" classname="com.DataDriven.NewUserRegistration"/>
</testsuite> <!-- com.DataDriven.NewUserRegistration -->
