<?xml version="1.0" encoding="UTF-8"?>
<!-- Generated by org.testng.reporters.JUnitReportReporter -->
<testsuite hostname="DESKTOP-ESJ6L3O" name="com.KeyWord.NewToursLogInTest" tests="1" failures="0" timestamp="17 Feb 2018 04:05:12 GMT" time="3.890" errors="0">
  <testcase name="LogIn" time="3.890" classname="com.KeyWord.NewToursLogInTest"/>
</testsuite> <!-- com.KeyWord.NewToursLogInTest -->
