<?xml version="1.0" encoding="UTF-8"?>
<!-- Generated by org.testng.reporters.JUnitReportReporter -->
<testsuite hostname="DESKTOP-ESJ6L3O" name="com.GridTesting.FacebookTesting" tests="2" failures="0" timestamp="16 Feb 2018 04:14:53 GMT" time="27.841" errors="0">
  <testcase name="FaceBookApplTesting" time="17.912" classname="com.GridTesting.FacebookTesting"/>
  <testcase name="FaceBookApplTesting" time="9.929" classname="com.GridTesting.FacebookTesting"/>
</testsuite> <!-- com.GridTesting.FacebookTesting -->
