<?xml version="1.0" encoding="UTF-8"?>
<!-- Generated by org.testng.reporters.JUnitReportReporter -->
<testsuite hostname="DESKTOP-ESJ6L3O" name="com.TestNGAnnotations.Annotations1" tests="4" failures="0" timestamp="22 Jan 2018 03:18:18 GMT" time="0.018" errors="0">
  <testcase name="BrowserLaunch" time="0.012" classname="com.TestNGAnnotations.Annotations1"/>
  <testcase name="LogIn" time="0.002" classname="com.TestNGAnnotations.Annotations1"/>
  <testcase name="Compose" time="0.002" classname="com.TestNGAnnotations.Annotations1"/>
  <testcase name="InBox" time="0.002" classname="com.TestNGAnnotations.Annotations1"/>
</testsuite> <!-- com.TestNGAnnotations.Annotations1 -->
